

*******************************************************************************
Sun Oct  6 01:56:15 2013


FIT:    data read from 'OutputResistanceQ2.dat' using 1:2
        format = x:z
        #datapoints = 4
        residuals are weighted equally (unit weight)

function used for fitting: f(x)
fitted parameters initialized with current variable values



 Iteration 0
 WSSR        : 198.826           delta(WSSR)/WSSR   : 0
 delta(WSSR) : 0                 limit for stopping : 1e-05
 lambda	  : 1.14376

initial set of free parameter values

a               = 1
b               = 1

After 5 iterations the fit converged.
final sum of squares of residuals : 1.47924e-05
rel. change during last iteration : -2.33555e-11

degrees of freedom    (FIT_NDF)                        : 2
rms of residuals      (FIT_STDFIT) = sqrt(WSSR/ndf)    : 0.00271959
variance of residuals (reduced chisquare) = WSSR/ndf   : 7.39619e-06

Final set of parameters            Asymptotic Standard Error
=======================            ==========================

a               = -0.058813        +/- 0.007261     (12.35%)
b               = 9.37896          +/- 0.009232     (0.09843%)


correlation matrix of the fit parameters:

               a      b      
a               1.000 
b              -0.989  1.000 


*******************************************************************************
Sun Oct  6 01:56:40 2013


FIT:    data read from 'OutputResistanceQ2.dat' using 1:2
        format = x:z
        #datapoints = 4
        residuals are weighted equally (unit weight)

function used for fitting: f(x)
fitted parameters initialized with current variable values



 Iteration 0
 WSSR        : 198.826           delta(WSSR)/WSSR   : 0
 delta(WSSR) : 0                 limit for stopping : 1e-05
 lambda	  : 1.14376

initial set of free parameter values

a               = 1
b               = 1

After 5 iterations the fit converged.
final sum of squares of residuals : 1.47924e-05
rel. change during last iteration : -2.33555e-11

degrees of freedom    (FIT_NDF)                        : 2
rms of residuals      (FIT_STDFIT) = sqrt(WSSR/ndf)    : 0.00271959
variance of residuals (reduced chisquare) = WSSR/ndf   : 7.39619e-06

Final set of parameters            Asymptotic Standard Error
=======================            ==========================

a               = -0.058813        +/- 0.007261     (12.35%)
b               = 9.37896          +/- 0.009232     (0.09843%)


correlation matrix of the fit parameters:

               a      b      
a               1.000 
b              -0.989  1.000 


*******************************************************************************
Sun Oct  6 01:56:53 2013


FIT:    data read from 'OutputResistanceQ2.dat' using 1:2
        format = x:z
        #datapoints = 4
        residuals are weighted equally (unit weight)

function used for fitting: f(x)
fitted parameters initialized with current variable values



 Iteration 0
 WSSR        : 198.826           delta(WSSR)/WSSR   : 0
 delta(WSSR) : 0                 limit for stopping : 1e-05
 lambda	  : 1.14376

initial set of free parameter values

a               = 1
b               = 1

After 5 iterations the fit converged.
final sum of squares of residuals : 1.47924e-05
rel. change during last iteration : -2.33555e-11

degrees of freedom    (FIT_NDF)                        : 2
rms of residuals      (FIT_STDFIT) = sqrt(WSSR/ndf)    : 0.00271959
variance of residuals (reduced chisquare) = WSSR/ndf   : 7.39619e-06

Final set of parameters            Asymptotic Standard Error
=======================            ==========================

a               = -0.058813        +/- 0.007261     (12.35%)
b               = 9.37896          +/- 0.009232     (0.09843%)


correlation matrix of the fit parameters:

               a      b      
a               1.000 
b              -0.989  1.000 
