

*******************************************************************************
Sun Oct  6 01:32:57 2013


FIT:    data read from FILE every ::::6 using 2:($3*1000)
        format = x:z
        #datapoints = 6
        residuals are weighted equally (unit weight)

function used for fitting: f(x)
fitted parameters initialized with current variable values



 Iteration 0
 WSSR        : 29171.8           delta(WSSR)/WSSR   : 0
 delta(WSSR) : 0                 limit for stopping : 1e-05
 lambda	  : 4.7618

initial set of free parameter values

a               = 1
b               = 1

After 4 iterations the fit converged.
final sum of squares of residuals : 0.127853
rel. change during last iteration : -5.10943e-07

degrees of freedom    (FIT_NDF)                        : 4
rms of residuals      (FIT_STDFIT) = sqrt(WSSR/ndf)    : 0.178783
variance of residuals (reduced chisquare) = WSSR/ndf   : 0.0319632

Final set of parameters            Asymptotic Standard Error
=======================            ==========================

a               = 11.6045          +/- 0.01686      (0.1453%)
b               = -0.181466        +/- 0.1123       (61.86%)


correlation matrix of the fit parameters:

               a      b      
a               1.000 
b              -0.760  1.000 


*******************************************************************************
Sun Oct  6 01:32:57 2013


FIT:    data read from FILE every ::::6 using ($3*1000):6
        format = x:z
        #datapoints = 6
        residuals are weighted equally (unit weight)

function used for fitting: f(x)
fitted parameters initialized with current variable values



 Iteration 0
 WSSR        : 4.65721e+06       delta(WSSR)/WSSR   : 0
 delta(WSSR) : 0                 limit for stopping : 1e-05
 lambda	  : 54.5529

initial set of free parameter values

a               = 11.6045
b               = -0.181466

After 6 iterations the fit converged.
final sum of squares of residuals : 0.167771
rel. change during last iteration : -3.63961e-15

degrees of freedom    (FIT_NDF)                        : 4
rms of residuals      (FIT_STDFIT) = sqrt(WSSR/ndf)    : 0.2048
variance of residuals (reduced chisquare) = WSSR/ndf   : 0.0419429

Final set of parameters            Asymptotic Standard Error
=======================            ==========================

a               = 0.0374025        +/- 0.001664     (4.449%)
b               = 14.7757          +/- 0.1284       (0.8687%)


correlation matrix of the fit parameters:

               a      b      
a               1.000 
b              -0.759  1.000 


*******************************************************************************
Sun Oct  6 01:32:57 2013


FIT:    data read from FILE every ::::6 using 1:9
        format = x:z
        #datapoints = 6
        residuals are weighted equally (unit weight)

function used for fitting: f(x)
fitted parameters initialized with current variable values



 Iteration 0
 WSSR        : 15619.1           delta(WSSR)/WSSR   : 0
 delta(WSSR) : 0                 limit for stopping : 1e-05
 lambda	  : 787.052

initial set of free parameter values

a               = 0.0374025
b               = 14.7757

After 7 iterations the fit converged.
final sum of squares of residuals : 0.00800401
rel. change during last iteration : -1.28927e-11

degrees of freedom    (FIT_NDF)                        : 4
rms of residuals      (FIT_STDFIT) = sqrt(WSSR/ndf)    : 0.0447326
variance of residuals (reduced chisquare) = WSSR/ndf   : 0.002001

Final set of parameters            Asymptotic Standard Error
=======================            ==========================

a               = 0.0027255        +/- 2.63e-05     (0.9651%)
b               = -0.0395132       +/- 0.02928      (74.1%)


correlation matrix of the fit parameters:

               a      b      
a               1.000 
b              -0.782  1.000 


*******************************************************************************
Sun Oct  6 01:32:57 2013


FIT:    data read from FILE using ($3*1000):4
        format = x:z
        #datapoints = 8
        residuals are weighted equally (unit weight)

function used for fitting: f(x)
fitted parameters initialized with current variable values



 Iteration 0
 WSSR        : 16.1557           delta(WSSR)/WSSR   : 0
 delta(WSSR) : 0                 limit for stopping : 1e-05
 lambda	  : 47.6588

initial set of free parameter values

a               = 0.0027255
b               = -0.0395132

After 5 iterations the fit converged.
final sum of squares of residuals : 0.0193714
rel. change during last iteration : -7.22869e-08

degrees of freedom    (FIT_NDF)                        : 6
rms of residuals      (FIT_STDFIT) = sqrt(WSSR/ndf)    : 0.0568204
variance of residuals (reduced chisquare) = WSSR/ndf   : 0.00322856

Final set of parameters            Asymptotic Standard Error
=======================            ==========================

a               = 0.00924843       +/- 0.0003687    (3.987%)
b               = 1.07681          +/- 0.02485      (2.308%)


correlation matrix of the fit parameters:

               a      b      
a               1.000 
b              -0.589  1.000 


*******************************************************************************
Sun Oct  6 01:32:57 2013


FIT:    data read from FILE every ::::6 using ($3*1000):5
        format = x:z
        #datapoints = 6
        residuals are weighted equally (unit weight)

function used for fitting: g(x)
fitted parameters initialized with current variable values



 Iteration 0
 WSSR        : 35731.7           delta(WSSR)/WSSR   : 0
 delta(WSSR) : 0                 limit for stopping : 1e-05
 lambda	  : 54.5529

initial set of free parameter values

c               = 1
d               = 1

After 5 iterations the fit converged.
final sum of squares of residuals : 6.5488e-05
rel. change during last iteration : -2.25818e-07

degrees of freedom    (FIT_NDF)                        : 4
rms of residuals      (FIT_STDFIT) = sqrt(WSSR/ndf)    : 0.00404623
variance of residuals (reduced chisquare) = WSSR/ndf   : 1.6372e-05

Final set of parameters            Asymptotic Standard Error
=======================            ==========================

c               = -4.96503e-05     +/- 3.287e-05    (66.21%)
d               = 0.96874          +/- 0.002536     (0.2618%)


correlation matrix of the fit parameters:

               c      d      
c               1.000 
d              -0.759  1.000 


*******************************************************************************
Sun Oct  6 01:32:57 2013


FIT:    data read from FILE every ::::6 using 6:1
        format = x:z
        #datapoints = 6
        residuals are weighted equally (unit weight)

function used for fitting: f(x)
fitted parameters initialized with current variable values



 Iteration 0
 WSSR        : 7.42038e+06       delta(WSSR)/WSSR   : 0
 delta(WSSR) : 0                 limit for stopping : 1e-05
 lambda	  : 12.0907

initial set of free parameter values

a               = 0.00924843
b               = 1.07681

After 6 iterations the fit converged.
final sum of squares of residuals : 1858.42
rel. change during last iteration : -6.00729e-14

degrees of freedom    (FIT_NDF)                        : 4
rms of residuals      (FIT_STDFIT) = sqrt(WSSR/ndf)    : 21.5547
variance of residuals (reduced chisquare) = WSSR/ndf   : 464.604

Final set of parameters            Asymptotic Standard Error
=======================            ==========================

a               = 367.834          +/- 4.664        (1.268%)
b               = -5370.3          +/- 79.61        (1.482%)


correlation matrix of the fit parameters:

               a      b      
a               1.000 
b              -0.994  1.000 


*******************************************************************************
Sun Oct  6 01:32:57 2013


FIT:    data read from FILE using ($3*1000):($4-$5)
        format = x:z
        #datapoints = 8
        residuals are weighted equally (unit weight)

function used for fitting: f(x)
fitted parameters initialized with current variable values



 Iteration 0
 WSSR        : 3.89293e+09       delta(WSSR)/WSSR   : 0
 delta(WSSR) : 0                 limit for stopping : 1e-05
 lambda	  : 47.6588

initial set of free parameter values

a               = 367.834
b               = -5370.3

After 6 iterations the fit converged.
final sum of squares of residuals : 0.00364206
rel. change during last iteration : -1.68128e-10

degrees of freedom    (FIT_NDF)                        : 6
rms of residuals      (FIT_STDFIT) = sqrt(WSSR/ndf)    : 0.0246376
variance of residuals (reduced chisquare) = WSSR/ndf   : 0.00060701

Final set of parameters            Asymptotic Standard Error
=======================            ==========================

a               = 0.00998912       +/- 0.0001599    (1.6%)
b               = 0.0455567        +/- 0.01077      (23.65%)


correlation matrix of the fit parameters:

               a      b      
a               1.000 
b              -0.589  1.000 
